#
# There is insufficient memory for the Java Runtime Environment to continue.
# Native memory allocation (malloc) failed to allocate 268435456 bytes for committing reserved memory.
# Possible reasons:
#   The system is out of physical RAM or swap space
#   In 32 bit mode, the process size limit was hit
# Possible solutions:
#   Reduce memory load on the system
#   Increase physical memory or swap space
#   Check if swap backing store is full
#   Use 64 bit Java on a 64 bit OS
#   Decrease Java heap size (-Xmx/-Xms)
#   Decrease number of Java threads
#   Decrease Java thread stack sizes (-Xss)
#   Set larger code cache with -XX:ReservedCodeCacheSize=
# This output file may be truncated or incomplete.
#
#  Out of Memory Error (os_linux.cpp:2809), pid=16099, tid=140347912103680
#
# JRE version:  (7.0_79-b14) (build )
# Java VM: OpenJDK 64-Bit Server VM (24.79-b02 mixed mode linux-amd64 compressed oops)
# Derivative: IcedTea 2.5.5
# Distribution: Ubuntu 14.04 LTS, package 7u79-2.5.5-0ubuntu0.14.04.2
# Failed to write core dump. Core dumps have been disabled. To enable core dumping, try "ulimit -c unlimited" before starting Java again
#

---------------  T H R E A D  ---------------

Current thread (0x00007fa544017800):  JavaThread "Unknown thread" [_thread_in_vm, id=16105, stack(0x00007fa54b622000,0x00007fa54b723000)]

Stack: [0x00007fa54b622000,0x00007fa54b723000],  sp=0x00007fa54b7214b0,  free space=1021k
Native frames: (J=compiled Java code, j=interpreted, Vv=VM code, C=native code)
V  [libjvm.so+0x94aec5]  VMError::report_and_die()+0x175
V  [libjvm.so+0x48b9c4]  report_vm_out_of_memory(char const*, int, unsigned long, char const*)+0x74
V  [libjvm.so+0x7c806b]  os::pd_commit_memory(char*, unsigned long, unsigned long, bool)+0xeb
V  [libjvm.so+0x7c2b0f]  os::commit_memory(char*, unsigned long, unsigned long, bool)+0x1f
V  [libjvm.so+0x83500b]  PSVirtualSpace::expand_by(unsigned long)+0x5b
V  [libjvm.so+0x835d7b]  PSYoungGen::initialize_virtual_space(ReservedSpace, unsigned long)+0xbb
V  [libjvm.so+0x836450]  PSYoungGen::initialize(ReservedSpace, unsigned long)+0x50
V  [libjvm.so+0x2a5792]  AdjoiningGenerations::AdjoiningGenerations(ReservedSpace, unsigned long, unsigned long, unsigned long, unsigned long, unsigned long, unsigned long, unsigned long)+0x342
V  [libjvm.so+0x7e8560]  ParallelScavengeHeap::initialize()+0x5b0
V  [libjvm.so+0x91b937]  Universe::initialize_heap()+0xc7
V  [libjvm.so+0x91bc67]  universe_init()+0x67
V  [libjvm.so+0x59d2a5]  init_globals()+0x55
V  [libjvm.so+0x8fe64f]  Threads::create_vm(JavaVMInitArgs*, bool*)+0x35f
V  [libjvm.so+0x608624]  JNI_CreateJavaVM+0x54
C  [libjli.so+0x2b48]


---------------  P R O C E S S  ---------------

Java Threads: ( => current thread )

Other Threads:

=>0x00007fa544017800 (exited) JavaThread "Unknown thread" [_thread_in_vm, id=16105, stack(0x00007fa54b622000,0x00007fa54b723000)]

VM state:not at safepoint (not fully initialized)

VM Mutex/Monitor currently owned by a thread: None

GC Heap History (0 events):
No events

Deoptimization events (0 events):
No events

Internal exceptions (0 events):
No events

Events (0 events):
No events


Dynamic libraries:
00400000-00401000 r-xp 00000000 08:02 2758567                            /usr/lib/jvm/java-7-openjdk-amd64/jre/bin/java
00600000-00601000 r--p 00000000 08:02 2758567                            /usr/lib/jvm/java-7-openjdk-amd64/jre/bin/java
00601000-00602000 rw-p 00001000 08:02 2758567                            /usr/lib/jvm/java-7-openjdk-amd64/jre/bin/java
01789000-017aa000 rw-p 00000000 00:00 0                                  [heap]
c0000000-f0000000 rw-p 00000000 00:00 0 
7fa53da45000-7fa53dc7f000 rw-p 00000000 00:00 0 
7fa53dc7f000-7fa53de7f000 rw-p 00000000 00:00 0 
7fa53de7f000-7fa53de8a000 rw-p 00000000 00:00 0 
7fa53de8a000-7fa53e000000 rw-p 00000000 00:00 0 
7fa53e000000-7fa53e270000 rwxp 00000000 00:00 0 
7fa53e270000-7fa54402f000 rw-p 00000000 00:00 0 
7fa54402f000-7fa548000000 ---p 00000000 00:00 0 
7fa54805e000-7fa548066000 r-xp 00000000 08:02 2763071                    /usr/lib/jvm/java-7-openjdk-amd64/jre/lib/amd64/libzip.so
7fa548066000-7fa548265000 ---p 00008000 08:02 2763071                    /usr/lib/jvm/java-7-openjdk-amd64/jre/lib/amd64/libzip.so
7fa548265000-7fa548266000 r--p 00007000 08:02 2763071                    /usr/lib/jvm/java-7-openjdk-amd64/jre/lib/amd64/libzip.so
7fa548266000-7fa548267000 rw-p 00008000 08:02 2763071                    /usr/lib/jvm/java-7-openjdk-amd64/jre/lib/amd64/libzip.so
7fa548267000-7fa548272000 r-xp 00000000 08:02 2625577                    /lib/x86_64-linux-gnu/libnss_files-2.19.so
7fa548272000-7fa548471000 ---p 0000b000 08:02 2625577                    /lib/x86_64-linux-gnu/libnss_files-2.19.so
7fa548471000-7fa548472000 r--p 0000a000 08:02 2625577                    /lib/x86_64-linux-gnu/libnss_files-2.19.so
7fa548472000-7fa548473000 rw-p 0000b000 08:02 2625577                    /lib/x86_64-linux-gnu/libnss_files-2.19.so
7fa548473000-7fa54847e000 r-xp 00000000 08:02 2625879                    /lib/x86_64-linux-gnu/libnss_nis-2.19.so
7fa54847e000-7fa54867d000 ---p 0000b000 08:02 2625879                    /lib/x86_64-linux-gnu/libnss_nis-2.19.so
7fa54867d000-7fa54867e000 r--p 0000a000 08:02 2625879                    /lib/x86_64-linux-gnu/libnss_nis-2.19.so
7fa54867e000-7fa54867f000 rw-p 0000b000 08:02 2625879                    /lib/x86_64-linux-gnu/libnss_nis-2.19.so
7fa54867f000-7fa548696000 r-xp 00000000 08:02 2625715                    /lib/x86_64-linux-gnu/libnsl-2.19.so
7fa548696000-7fa548895000 ---p 00017000 08:02 2625715                    /lib/x86_64-linux-gnu/libnsl-2.19.so
7fa548895000-7fa548896000 r--p 00016000 08:02 2625715                    /lib/x86_64-linux-gnu/libnsl-2.19.so
7fa548896000-7fa548897000 rw-p 00017000 08:02 2625715                    /lib/x86_64-linux-gnu/libnsl-2.19.so
7fa548897000-7fa548899000 rw-p 00000000 00:00 0 
7fa548899000-7fa5488a2000 r-xp 00000000 08:02 2625682                    /lib/x86_64-linux-gnu/libnss_compat-2.19.so
7fa5488a2000-7fa548aa1000 ---p 00009000 08:02 2625682                    /lib/x86_64-linux-gnu/libnss_compat-2.19.so
7fa548aa1000-7fa548aa2000 r--p 00008000 08:02 2625682                    /lib/x86_64-linux-gnu/libnss_compat-2.19.so
7fa548aa2000-7fa548aa3000 rw-p 00009000 08:02 2625682                    /lib/x86_64-linux-gnu/libnss_compat-2.19.so
7fa548aa3000-7fa548aad000 r-xp 00000000 08:02 2763072                    /usr/lib/jvm/java-7-openjdk-amd64/jre/lib/amd64/libinstrument.so
7fa548aad000-7fa548cac000 ---p 0000a000 08:02 2763072                    /usr/lib/jvm/java-7-openjdk-amd64/jre/lib/amd64/libinstrument.so
7fa548cac000-7fa548cad000 r--p 00009000 08:02 2763072                    /usr/lib/jvm/java-7-openjdk-amd64/jre/lib/amd64/libinstrument.so
7fa548cad000-7fa548cae000 rw-p 0000a000 08:02 2763072                    /usr/lib/jvm/java-7-openjdk-amd64/jre/lib/amd64/libinstrument.so
7fa548cae000-7fa548cd9000 r-xp 00000000 08:02 2763092                    /usr/lib/jvm/java-7-openjdk-amd64/jre/lib/amd64/libjava.so
7fa548cd9000-7fa548ed9000 ---p 0002b000 08:02 2763092                    /usr/lib/jvm/java-7-openjdk-amd64/jre/lib/amd64/libjava.so
7fa548ed9000-7fa548eda000 r--p 0002b000 08:02 2763092                    /usr/lib/jvm/java-7-openjdk-amd64/jre/lib/amd64/libjava.so
7fa548eda000-7fa548edc000 rw-p 0002c000 08:02 2763092                    /usr/lib/jvm/java-7-openjdk-amd64/jre/lib/amd64/libjava.so
7fa548edc000-7fa548eec000 r-xp 00000000 08:02 2763088                    /usr/lib/jvm/java-7-openjdk-amd64/jre/lib/amd64/libverify.so
7fa548eec000-7fa5490eb000 ---p 00010000 08:02 2763088                    /usr/lib/jvm/java-7-openjdk-amd64/jre/lib/amd64/libverify.so
7fa5490eb000-7fa5490ed000 r--p 0000f000 08:02 2763088                    /usr/lib/jvm/java-7-openjdk-amd64/jre/lib/amd64/libverify.so
7fa5490ed000-7fa5490ee000 rw-p 00011000 08:02 2763088                    /usr/lib/jvm/java-7-openjdk-amd64/jre/lib/amd64/libverify.so
7fa5490ee000-7fa5490f5000 r-xp 00000000 08:02 2625873                    /lib/x86_64-linux-gnu/librt-2.19.so
7fa5490f5000-7fa5492f4000 ---p 00007000 08:02 2625873                    /lib/x86_64-linux-gnu/librt-2.19.so
7fa5492f4000-7fa5492f5000 r--p 00006000 08:02 2625873                    /lib/x86_64-linux-gnu/librt-2.19.so
7fa5492f5000-7fa5492f6000 rw-p 00007000 08:02 2625873                    /lib/x86_64-linux-gnu/librt-2.19.so
7fa5492f6000-7fa54930c000 r-xp 00000000 08:02 2621445                    /lib/x86_64-linux-gnu/libgcc_s.so.1
7fa54930c000-7fa54950b000 ---p 00016000 08:02 2621445                    /lib/x86_64-linux-gnu/libgcc_s.so.1
7fa54950b000-7fa54950c000 rw-p 00015000 08:02 2621445                    /lib/x86_64-linux-gnu/libgcc_s.so.1
7fa54950c000-7fa549611000 r-xp 00000000 08:02 2625574                    /lib/x86_64-linux-gnu/libm-2.19.so
7fa549611000-7fa549810000 ---p 00105000 08:02 2625574                    /lib/x86_64-linux-gnu/libm-2.19.so
7fa549810000-7fa549811000 r--p 00104000 08:02 2625574                    /lib/x86_64-linux-gnu/libm-2.19.so
7fa549811000-7fa549812000 rw-p 00105000 08:02 2625574                    /lib/x86_64-linux-gnu/libm-2.19.so
7fa549812000-7fa5498f8000 r-xp 00000000 08:02 2891316                    /usr/lib/x86_64-linux-gnu/libstdc++.so.6.0.19
7fa5498f8000-7fa549af7000 ---p 000e6000 08:02 2891316                    /usr/lib/x86_64-linux-gnu/libstdc++.so.6.0.19
7fa549af7000-7fa549aff000 r--p 000e5000 08:02 2891316                    /usr/lib/x86_64-linux-gnu/libstdc++.so.6.0.19
7fa549aff000-7fa549b01000 rw-p 000ed000 08:02 2891316                    /usr/lib/x86_64-linux-gnu/libstdc++.so.6.0.19
7fa549b01000-7fa549b16000 rw-p 00000000 00:00 0 
7fa549b16000-7fa54a62e000 r-xp 00000000 08:02 2763097                    /usr/lib/jvm/java-7-openjdk-amd64/jre/lib/amd64/server/libjvm.so
7fa54a62e000-7fa54a82e000 ---p 00b18000 08:02 2763097                    /usr/lib/jvm/java-7-openjdk-amd64/jre/lib/amd64/server/libjvm.so
7fa54a82e000-7fa54a8c8000 r--p 00b18000 08:02 2763097                    /usr/lib/jvm/java-7-openjdk-amd64/jre/lib/amd64/server/libjvm.so
7fa54a8c8000-7fa54a8eb000 rw-p 00bb2000 08:02 2763097                    /usr/lib/jvm/java-7-openjdk-amd64/jre/lib/amd64/server/libjvm.so
7fa54a8eb000-7fa54a919000 rw-p 00000000 00:00 0 
7fa54a919000-7fa54a931000 r-xp 00000000 08:02 2625757                    /lib/x86_64-linux-gnu/libz.so.1.2.8
7fa54a931000-7fa54ab30000 ---p 00018000 08:02 2625757                    /lib/x86_64-linux-gnu/libz.so.1.2.8
7fa54ab30000-7fa54ab31000 r--p 00017000 08:02 2625757                    /lib/x86_64-linux-gnu/libz.so.1.2.8
7fa54ab31000-7fa54ab32000 rw-p 00018000 08:02 2625757                    /lib/x86_64-linux-gnu/libz.so.1.2.8
7fa54ab32000-7fa54ab4b000 r-xp 00000000 08:02 2625869                    /lib/x86_64-linux-gnu/libpthread-2.19.so
7fa54ab4b000-7fa54ad4a000 ---p 00019000 08:02 2625869                    /lib/x86_64-linux-gnu/libpthread-2.19.so
7fa54ad4a000-7fa54ad4b000 r--p 00018000 08:02 2625869                    /lib/x86_64-linux-gnu/libpthread-2.19.so
7fa54ad4b000-7fa54ad4c000 rw-p 00019000 08:02 2625869                    /lib/x86_64-linux-gnu/libpthread-2.19.so
7fa54ad4c000-7fa54ad50000 rw-p 00000000 00:00 0 
7fa54ad50000-7fa54ad53000 r-xp 00000000 08:02 2625666                    /lib/x86_64-linux-gnu/libdl-2.19.so
7fa54ad53000-7fa54af52000 ---p 00003000 08:02 2625666                    /lib/x86_64-linux-gnu/libdl-2.19.so
7fa54af52000-7fa54af53000 r--p 00002000 08:02 2625666                    /lib/x86_64-linux-gnu/libdl-2.19.so
7fa54af53000-7fa54af54000 rw-p 00003000 08:02 2625666                    /lib/x86_64-linux-gnu/libdl-2.19.so
7fa54af54000-7fa54b10f000 r-xp 00000000 08:02 2625750                    /lib/x86_64-linux-gnu/libc-2.19.so
7fa54b10f000-7fa54b30e000 ---p 001bb000 08:02 2625750                    /lib/x86_64-linux-gnu/libc-2.19.so
7fa54b30e000-7fa54b312000 r--p 001ba000 08:02 2625750                    /lib/x86_64-linux-gnu/libc-2.19.so
7fa54b312000-7fa54b314000 rw-p 001be000 08:02 2625750                    /lib/x86_64-linux-gnu/libc-2.19.so
7fa54b314000-7fa54b319000 rw-p 00000000 00:00 0 
7fa54b319000-7fa54b326000 r-xp 00000000 08:02 2763063                    /usr/lib/jvm/java-7-openjdk-amd64/jre/lib/amd64/jli/libjli.so
7fa54b326000-7fa54b525000 ---p 0000d000 08:02 2763063                    /usr/lib/jvm/java-7-openjdk-amd64/jre/lib/amd64/jli/libjli.so
7fa54b525000-7fa54b526000 r--p 0000c000 08:02 2763063                    /usr/lib/jvm/java-7-openjdk-amd64/jre/lib/amd64/jli/libjli.so
7fa54b526000-7fa54b527000 rw-p 0000d000 08:02 2763063                    /usr/lib/jvm/java-7-openjdk-amd64/jre/lib/amd64/jli/libjli.so
7fa54b527000-7fa54b54a000 r-xp 00000000 08:02 2625723                    /lib/x86_64-linux-gnu/ld-2.19.so
7fa54b622000-7fa54b625000 ---p 00000000 00:00 0 
7fa54b625000-7fa54b728000 rw-p 00000000 00:00 0                          [stack:16105]
7fa54b73b000-7fa54b73d000 rw-p 00000000 00:00 0 
7fa54b73d000-7fa54b745000 rw-s 00000000 08:02 2504361                    /tmp/hsperfdata_john/16099
7fa54b745000-7fa54b746000 rw-p 00000000 00:00 0 
7fa54b746000-7fa54b747000 r--p 00000000 00:00 0 
7fa54b747000-7fa54b749000 rw-p 00000000 00:00 0 
7fa54b749000-7fa54b74a000 r--p 00022000 08:02 2625723                    /lib/x86_64-linux-gnu/ld-2.19.so
7fa54b74a000-7fa54b74b000 rw-p 00023000 08:02 2625723                    /lib/x86_64-linux-gnu/ld-2.19.so
7fa54b74b000-7fa54b74c000 rw-p 00000000 00:00 0 
7fffe44d2000-7fffe44fa000 rw-p 00000000 00:00 0                          [stack]
7fffe45f9000-7fffe45fb000 r-xp 00000000 00:00 0                          [vdso]
ffffffffff600000-ffffffffff601000 r-xp 00000000 00:00 0                  [vsyscall]

VM Arguments:
jvm_args: -Dgrails.env=development -Dgrails.full.stacktrace -Dinfo.app.grailsVersion=3.0.1 -Dinfo.app.name=sustenagro -Dinfo.app.version=0.1 -XX:PermSize=96m -XX:MaxPermSize=256m -XX:+TieredCompilation -XX:TieredStopAtLevel=1 -XX:CICompilerCount=3 -javaagent:/home/john/.gradle/caches/modules-2/files-2.1/org.springframework/springloaded/1.2.3.RELEASE/adb44a1feaae2d717b534fec52210f1838de4aed/springloaded-1.2.3.RELEASE.jar -Xverify:none -Xms768m -Xmx768m -Dfile.encoding=UTF-8 -Duser.country=US -Duser.language=en -Duser.variant 
java_command: grails.ui.console.GrailsSwingConsole sustenagro.Application
Launcher Type: SUN_STANDARD

Environment Variables:
JAVA_HOME=/usr/lib/jvm/java-7-openjdk-amd64
PATH=/usr/lib/jvm/java-7-openjdk-amd64/bin:/home/john/.gvm/grails/3.0.1/bin:/home/john/.gvm/vertx/current/bin:/home/john/.gvm/springboot/current/bin:/home/john/.gvm/lazybones/current/bin:/home/john/.gvm/jbake/current/bin:/home/john/.gvm/groovyserv/current/bin:/home/john/.gvm/groovy/current/bin:/home/john/.gvm/griffon/current/bin:/home/john/.gvm/grails/current/bin:/home/john/.gvm/gradle/current/bin:/home/john/.gvm/glide/current/bin:/home/john/.gvm/gaiden/current/bin:/home/john/.gvm/crash/current/bin:/home/john/.gvm/asciidoctorj/current/bin:/usr/local/sbin:/usr/local/bin:/usr/sbin:/usr/bin:/sbin:/bin:/usr/games:/usr/local/games
SHELL=/bin/bash
DISPLAY=:0.0

Signal Handlers:
SIGSEGV: [libjvm.so+0x94b9a0], sa_mask[0]=0x7ffbfeff, sa_flags=0x10000004
SIGBUS: [libjvm.so+0x94b9a0], sa_mask[0]=0x7ffbfeff, sa_flags=0x10000004
SIGFPE: [libjvm.so+0x7c3880], sa_mask[0]=0x7ffbfeff, sa_flags=0x10000004
SIGPIPE: [libjvm.so+0x7c3880], sa_mask[0]=0x7ffbfeff, sa_flags=0x10000004
SIGXFSZ: [libjvm.so+0x7c3880], sa_mask[0]=0x7ffbfeff, sa_flags=0x10000004
SIGILL: [libjvm.so+0x7c3880], sa_mask[0]=0x7ffbfeff, sa_flags=0x10000004
SIGUSR1: SIG_DFL, sa_mask[0]=0x00000000, sa_flags=0x00000000
SIGUSR2: [libjvm.so+0x7c3720], sa_mask[0]=0x00000004, sa_flags=0x10000004
SIGHUP: SIG_DFL, sa_mask[0]=0x00000000, sa_flags=0x00000000
SIGINT: SIG_DFL, sa_mask[0]=0x00000000, sa_flags=0x00000000
SIGTERM: SIG_DFL, sa_mask[0]=0x00000000, sa_flags=0x00000000
SIGQUIT: SIG_DFL, sa_mask[0]=0x00000000, sa_flags=0x00000000
SIGTRAP: SIG_DFL, sa_mask[0]=0x00000000, sa_flags=0x00000000


---------------  S Y S T E M  ---------------

OS:Ubuntu 14.04 (trusty)
uname:Linux 3.13.0-52-generic #85-Ubuntu SMP Wed Apr 29 16:44:17 UTC 2015 x86_64
libc:glibc 2.19 NPTL 2.19 
rlimit: STACK 8192k, CORE 0k, NPROC 29863, NOFILE 4096, AS infinity
load average:1.45 1.59 1.31

/proc/meminfo:
MemTotal:        3844188 kB
MemFree:          116716 kB
Buffers:            1876 kB
Cached:           406252 kB
SwapCached:       102812 kB
Active:          2534752 kB
Inactive:         995300 kB
Active(anon):    2466124 kB
Inactive(anon):   946116 kB
Active(file):      68628 kB
Inactive(file):    49184 kB
Unevictable:          32 kB
Mlocked:              32 kB
SwapTotal:        999420 kB
SwapFree:             36 kB
Dirty:              1900 kB
Writeback:             0 kB
AnonPages:       3019584 kB
Mapped:           153836 kB
Shmem:            290304 kB
Slab:              86508 kB
SReclaimable:      39536 kB
SUnreclaim:        46972 kB
KernelStack:        6168 kB
PageTables:        48568 kB
NFS_Unstable:          0 kB
Bounce:                0 kB
WritebackTmp:          0 kB
CommitLimit:     2921512 kB
Committed_AS:   11042712 kB
VmallocTotal:   34359738367 kB
VmallocUsed:      544552 kB
VmallocChunk:   34359183996 kB
HardwareCorrupted:     0 kB
AnonHugePages:   1206272 kB
HugePages_Total:       0
HugePages_Free:        0
HugePages_Rsvd:        0
HugePages_Surp:        0
Hugepagesize:       2048 kB
DirectMap4k:       78732 kB
DirectMap2M:     3909632 kB


CPU:total 4 (2 cores per cpu, 2 threads per core) family 6 model 37 stepping 5, cmov, cx8, fxsr, mmx, sse, sse2, sse3, ssse3, sse4.1, sse4.2, popcnt, ht, tsc, tscinvbit

/proc/cpuinfo:
processor	: 0
vendor_id	: GenuineIntel
cpu family	: 6
model		: 37
model name	: Intel(R) Core(TM) i5 CPU       U 470  @ 1.33GHz
stepping	: 5
microcode	: 0x2
cpu MHz		: 1331.000
cache size	: 3072 KB
physical id	: 0
siblings	: 4
core id		: 0
cpu cores	: 2
apicid		: 0
initial apicid	: 0
fpu		: yes
fpu_exception	: yes
cpuid level	: 11
wp		: yes
flags		: fpu vme de pse tsc msr pae mce cx8 apic sep mtrr pge mca cmov pat pse36 clflush dts acpi mmx fxsr sse sse2 ss ht tm pbe syscall nx rdtscp lm constant_tsc arch_perfmon pebs bts rep_good nopl xtopology nonstop_tsc aperfmperf pni dtes64 monitor ds_cpl vmx est tm2 ssse3 cx16 xtpr pdcm pcid sse4_1 sse4_2 popcnt lahf_lm ida arat dtherm tpr_shadow vnmi flexpriority ept vpid
bogomips	: 2659.99
clflush size	: 64
cache_alignment	: 64
address sizes	: 36 bits physical, 48 bits virtual
power management:

processor	: 1
vendor_id	: GenuineIntel
cpu family	: 6
model		: 37
model name	: Intel(R) Core(TM) i5 CPU       U 470  @ 1.33GHz
stepping	: 5
microcode	: 0x2
cpu MHz		: 1331.000
cache size	: 3072 KB
physical id	: 0
siblings	: 4
core id		: 2
cpu cores	: 2
apicid		: 4
initial apicid	: 4
fpu		: yes
fpu_exception	: yes
cpuid level	: 11
wp		: yes
flags		: fpu vme de pse tsc msr pae mce cx8 apic sep mtrr pge mca cmov pat pse36 clflush dts acpi mmx fxsr sse sse2 ss ht tm pbe syscall nx rdtscp lm constant_tsc arch_perfmon pebs bts rep_good nopl xtopology nonstop_tsc aperfmperf pni dtes64 monitor ds_cpl vmx est tm2 ssse3 cx16 xtpr pdcm pcid sse4_1 sse4_2 popcnt lahf_lm ida arat dtherm tpr_shadow vnmi flexpriority ept vpid
bogomips	: 2659.99
clflush size	: 64
cache_alignment	: 64
address sizes	: 36 bits physical, 48 bits virtual
power management:

processor	: 2
vendor_id	: GenuineIntel
cpu family	: 6
model		: 37
model name	: Intel(R) Core(TM) i5 CPU       U 470  @ 1.33GHz
stepping	: 5
microcode	: 0x2
cpu MHz		: 1331.000
cache size	: 3072 KB
physical id	: 0
siblings	: 4
core id		: 0
cpu cores	: 2
apicid		: 1
initial apicid	: 1
fpu		: yes
fpu_exception	: yes
cpuid level	: 11
wp		: yes
flags		: fpu vme de pse tsc msr pae mce cx8 apic sep mtrr pge mca cmov pat pse36 clflush dts acpi mmx fxsr sse sse2 ss ht tm pbe syscall nx rdtscp lm constant_tsc arch_perfmon pebs bts rep_good nopl xtopology nonstop_tsc aperfmperf pni dtes64 monitor ds_cpl vmx est tm2 ssse3 cx16 xtpr pdcm pcid sse4_1 sse4_2 popcnt lahf_lm ida arat dtherm tpr_shadow vnmi flexpriority ept vpid
bogomips	: 2659.99
clflush size	: 64
cache_alignment	: 64
address sizes	: 36 bits physical, 48 bits virtual
power management:

processor	: 3
vendor_id	: GenuineIntel
cpu family	: 6
model		: 37
model name	: Intel(R) Core(TM) i5 CPU       U 470  @ 1.33GHz
stepping	: 5
microcode	: 0x2
cpu MHz		: 1330.000
cache size	: 3072 KB
physical id	: 0
siblings	: 4
core id		: 2
cpu cores	: 2
apicid		: 5
initial apicid	: 5
fpu		: yes
fpu_exception	: yes
cpuid level	: 11
wp		: yes
flags		: fpu vme de pse tsc msr pae mce cx8 apic sep mtrr pge mca cmov pat pse36 clflush dts acpi mmx fxsr sse sse2 ss ht tm pbe syscall nx rdtscp lm constant_tsc arch_perfmon pebs bts rep_good nopl xtopology nonstop_tsc aperfmperf pni dtes64 monitor ds_cpl vmx est tm2 ssse3 cx16 xtpr pdcm pcid sse4_1 sse4_2 popcnt lahf_lm ida arat dtherm tpr_shadow vnmi flexpriority ept vpid
bogomips	: 2659.99
clflush size	: 64
cache_alignment	: 64
address sizes	: 36 bits physical, 48 bits virtual
power management:



Memory: 4k page, physical 3844188k(116716k free), swap 999420k(36k free)

vm_info: OpenJDK 64-Bit Server VM (24.79-b02) for linux-amd64 JRE (1.7.0_79-b14), built on Apr 16 2015 08:21:58 by "buildd" with gcc 4.8.2

time: Wed May  6 23:48:40 2015
elapsed time: 0 seconds

